<?xml version="1.0" encoding="UTF-8"?>
<!-- Generated by org.testng.reporters.JUnitReportReporter -->
<testsuite skipped="0" hostname="Arif" name="restAssuradAll.Test_POST" tests="1" failures="0" timestamp="17 Oct 2020 16:05:10 GMT" time="3.525" errors="0">
  <testcase name="Test1_Delete" time="3.525" classname="restAssuradAll.Test_POST"/>
</testsuite> <!-- restAssuradAll.Test_POST -->
