<?xml version="1.0" encoding="UTF-8"?>
<!-- Generated by org.testng.reporters.JUnitReportReporter -->
<testsuite skipped="0" hostname="Arif" name="restAssuradAll.Test_POST_PUT_PATCH_DELETE" tests="1" failures="0" timestamp="17 Oct 2020 16:08:02 GMT" time="3.639" errors="0">
  <testcase name="Test1_POST" time="3.639" classname="restAssuradAll.Test_POST_PUT_PATCH_DELETE"/>
</testsuite> <!-- restAssuradAll.Test_POST_PUT_PATCH_DELETE -->
