<?xml version="1.0" encoding="UTF-8"?>
<!-- Generated by org.testng.reporters.JUnitReportReporter -->
<testsuite skipped="0" hostname="Arif" name="restAssuradAll.Test_GET" tests="1" failures="0" timestamp="17 Oct 2020 16:11:26 GMT" time="3.331" errors="0">
  <testcase name="Test1" time="3.331" classname="restAssuradAll.Test_GET"/>
</testsuite> <!-- restAssuradAll.Test_GET -->
