<?xml version="1.0" encoding="UTF-8"?>
<!-- Generated by org.testng.reporters.JUnitReportReporter -->
<testsuite skipped="0" hostname="Arif" name="utils.ExcelUtils" tests="1" failures="0" timestamp="18 Oct 2020 23:05:51 GMT" time="1.183" errors="0">
  <testcase name="getCellData" time="1.183" classname="utils.ExcelUtils"/>
</testsuite> <!-- utils.ExcelUtils -->
