<?xml version="1.0" encoding="UTF-8"?>
<!-- Generated by org.testng.reporters.JUnitReportReporter -->
<testsuite skipped="0" hostname="Arif" name="login.Login" tests="1" failures="0" timestamp="02 May 2019 02:45:20 GMT" time="8.157" errors="0">
  <testcase name="EnterLogin" time="8.157" classname="login.Login"/>
</testsuite> <!-- login.Login -->
