<?xml version="1.0" encoding="UTF-8"?>
<!-- Generated by org.testng.reporters.JUnitReportReporter -->
<testsuite skipped="0" hostname="Arif" name="createAccount.ValidateEmailAddress" tests="1" failures="0" timestamp="18 Apr 2019 23:32:27 GMT" time="1.814" errors="0">
  <testcase name="EnterCorrectEmailAddress" time="1.814" classname="createAccount.ValidateEmailAddress"/>
</testsuite> <!-- createAccount.ValidateEmailAddress -->
