<?xml version="1.0" encoding="UTF-8"?>
<!-- Generated by org.testng.reporters.JUnitReportReporter -->
<testsuite skipped="0" hostname="Arif" name="config.StartBrowser" tests="1" failures="0" timestamp="11 Apr 2019 02:34:26 GMT" time="13.378" errors="0">
  <testcase name="OpenBrowser" time="13.378" classname="config.StartBrowser"/>
</testsuite> <!-- config.StartBrowser -->
