<?xml version="1.0" encoding="UTF-8"?>
<!-- Generated by org.testng.reporters.JUnitReportReporter -->
<testsuite skipped="0" hostname="Arif" name="practice.RestAssuredDemo" tests="1" failures="0" timestamp="30 Sep 2020 15:08:07 GMT" time="4.322" errors="0">
  <testcase name="test_Get" time="4.322" classname="practice.RestAssuredDemo"/>
</testsuite> <!-- practice.RestAssuredDemo -->
